1736482992.594809 [1]      26156: config: Domain/General/MulticastRecvNetworkInterfaceAddresses/#text: preferred {}
1736482992.594924 [1]      26156: config: Domain/General/ExternalNetworkAddress/#text: auto {}
1736482992.594947 [1]      26156: config: Domain/General/ExternalNetworkMask/#text: 0.0.0.0 {}
1736482992.594965 [1]      26156: config: Domain/General/AllowMulticast/#text: default {}
1736482992.594981 [1]      26156: config: Domain/General/MulticastTimeToLive/#text: 32 {}
1736482992.594998 [1]      26156: config: Domain/General/DontRoute/#text: false {}
1736482992.595013 [1]      26156: config: Domain/General/Transport/#text: udp {}
1736482992.595033 [1]      26156: config: Domain/General/EnableMulticastLoopback/#text: true {}
1736482992.595052 [1]      26156: config: Domain/General/MaxMessageSize/#text: 14720 B {}
1736482992.595063 [1]      26156: config: Domain/General/MaxRexmitMessageSize/#text: 1456 B {}
1736482992.595074 [1]      26156: config: Domain/General/FragmentSize/#text: 1344 B {}
1736482992.595083 [1]      26156: config: Domain/General/RedundantNetworking/#text: false {}
1736482992.595091 [1]      26156: config: Domain/General/EntityAutoNaming/#text: empty {}
1736482992.595102 [1]      26156: config: Domain/General/EntityAutoNaming[@seed]: 1321847709 2976617402 2734244827 862136980 1156159460 3648992527 3273011724 1691388753 {}
1736482992.595114 [1]      26156: config: Domain/Sizing/ReceiveBufferSize/#text: 1 MiB {}
1736482992.595124 [1]      26156: config: Domain/Sizing/ReceiveBufferChunkSize/#text: 128 KiB {}
1736482992.595133 [1]      26156: config: Domain/Compatibility/StandardsConformance/#text: lax {}
1736482992.595142 [1]      26156: config: Domain/Compatibility/ExplicitlyPublishQosSetToDefault/#text: false {}
1736482992.595151 [1]      26156: config: Domain/Compatibility/ManySocketsMode/#text: single {}
1736482992.595159 [1]      26156: config: Domain/Compatibility/AssumeRtiHasPmdEndpoints/#text: false {}
1736482992.595168 [1]      26156: config: Domain/Discovery/Tag/#text:  {}
1736482992.595177 [1]      26156: config: Domain/Discovery/ExternalDomainId/#text: 1 {}
1736482992.595188 [1]      26156: config: Domain/Discovery/DSGracePeriod/#text: 30 s {}
1736482992.595203 [1]      26156: config: Domain/Discovery/Peers/Peer[@Address]: 192.168.0.167 {1}
1736482992.595219 [1]      26156: config: Domain/Discovery/Peers/Peer[@PruneDelay]: default {}
1736482992.595235 [1]      26156: config: Domain/Discovery/Peers/Peer[@Address]: 10.8.0.6 {1}
1736482992.595251 [1]      26156: config: Domain/Discovery/Peers/Peer[@PruneDelay]: default {}
1736482992.595270 [1]      26156: config: Domain/Discovery/Peers/Peer[@Address]: 192.168.0.150 {1}
1736482992.595283 [1]      26156: config: Domain/Discovery/Peers/Peer[@PruneDelay]: default {}
1736482992.595292 [1]      26156: config: Domain/Discovery/Peers[@AddLocalhost]: default {}
1736482992.595306 [1]      26156: config: Domain/Discovery/ParticipantIndex/#text: -3 {}
1736482992.595326 [1]      26156: config: Domain/Discovery/MaxAutoParticipantIndex/#text: 99 {}
1736482992.595345 [1]      26156: config: Domain/Discovery/SPDPMulticastAddress/#text: 239.255.0.1 {}
1736482992.595393 [1]      26156: config: Domain/Discovery/SPDPInterval/#text: default {}
1736482992.595425 [1]      26156: config: Domain/Discovery/DefaultMulticastAddress/#text: auto {}
1736482992.595441 [1]      26156: config: Domain/Discovery/InitialLocatorPruneDelay/#text: 30 s {}
1736482992.595458 [1]      26156: config: Domain/Discovery/DiscoveredLocatorPruneDelay/#text: 1 min {}
1736482992.595475 [1]      26156: config: Domain/Discovery/Ports/Base/#text: 7400 {}
1736482992.595496 [1]      26156: config: Domain/Discovery/Ports/DomainGain/#text: 250 {}
1736482992.595510 [1]      26156: config: Domain/Discovery/Ports/ParticipantGain/#text: 2 {}
1736482992.595519 [1]      26156: config: Domain/Discovery/Ports/MulticastMetaOffset/#text: 0 {}
1736482992.595528 [1]      26156: config: Domain/Discovery/Ports/UnicastMetaOffset/#text: 10 {}
1736482992.595537 [1]      26156: config: Domain/Discovery/Ports/MulticastDataOffset/#text: 1 {}
1736482992.595570 [1]      26156: config: Domain/Discovery/Ports/UnicastDataOffset/#text: 11 {}
1736482992.595581 [1]      26156: config: Domain/Discovery/EnableTopicDiscoveryEndpoints/#text: false {}
1736482992.595590 [1]      26156: config: Domain/Discovery/LeaseDuration/#text: 10 s {}
1736482992.595607 [1]      26156: config: Domain/Tracing/Category/#text: fatal,error,warning,info,config {1}
1736482992.595616 [1]      26156: config: Domain/Tracing/OutputFile/#text: cyclonedds.log {1}
1736482992.595625 [1]      26156: config: Domain/Tracing/AppendToFile/#text: false {1}
1736482992.595633 [1]      26156: config: Domain/Tracing/PacketCaptureFile/#text:  {}
1736482992.595642 [1]      26156: config: Domain/Internal/DeliveryQueueMaxSamples/#text: 256 {}
1736482992.595651 [1]      26156: config: Domain/Internal/PrimaryReorderMaxSamples/#text: 128 {}
1736482992.595659 [1]      26156: config: Domain/Internal/SecondaryReorderMaxSamples/#text: 128 {}
1736482992.595667 [1]      26156: config: Domain/Internal/DefragUnreliableMaxSamples/#text: 4 {}
1736482992.595675 [1]      26156: config: Domain/Internal/DefragReliableMaxSamples/#text: 16 {}
1736482992.595703 [1]      26156: config: Domain/Internal/BuiltinEndpointSet/#text: writers {}
1736482992.595712 [1]      26156: config: Domain/Internal/MeasureHbToAckLatency/#text: false {}
1736482992.595721 [1]      26156: config: Domain/Internal/SynchronousDeliveryPriorityThreshold/#text: 0 {}
1736482992.595733 [1]      26156: config: Domain/Internal/SynchronousDeliveryLatencyBound/#text: inf {}
1736482992.595742 [1]      26156: config: Domain/Internal/MaxParticipants/#text: 0 {}
1736482992.595751 [1]      26156: config: Domain/Internal/AccelerateRexmitBlockSize/#text: 0 {}
1736482992.595760 [1]      26156: config: Domain/Internal/RetransmitMerging/#text: never {}
1736482992.595768 [1]      26156: config: Domain/Internal/RetransmitMergingPeriod/#text: 5 ms {}
1736482992.595777 [1]      26156: config: Domain/Internal/HeartbeatInterval/#text: 100 ms {}
1736482992.595786 [1]      26156: config: Domain/Internal/HeartbeatInterval[@min]: 5 ms {}
1736482992.595795 [1]      26156: config: Domain/Internal/HeartbeatInterval[@minsched]: 20 ms {}
1736482992.595804 [1]      26156: config: Domain/Internal/HeartbeatInterval[@max]: 8 s {}
1736482992.595813 [1]      26156: config: Domain/Internal/MaxQueuedRexmitBytes/#text: 512 KiB {}
1736482992.595822 [1]      26156: config: Domain/Internal/MaxQueuedRexmitMessages/#text: 200 {}
1736482992.595830 [1]      26156: config: Domain/Internal/WriterLingerDuration/#text: 1 s {}
1736482992.595839 [1]      26156: config: Domain/Internal/SocketReceiveBufferSize[@min]: default {}
1736482992.595848 [1]      26156: config: Domain/Internal/SocketReceiveBufferSize[@max]: default {}
1736482992.595857 [1]      26156: config: Domain/Internal/SocketSendBufferSize[@min]: 64 KiB {}
1736482992.595881 [1]      26156: config: Domain/Internal/SocketSendBufferSize[@max]: default {}
1736482992.595890 [1]      26156: config: Domain/Internal/NackDelay/#text: 100 ms {}
1736482992.595899 [1]      26156: config: Domain/Internal/AckDelay/#text: 10 ms {}
1736482992.595907 [1]      26156: config: Domain/Internal/AutoReschedNackDelay/#text: 3 s {}
1736482992.595916 [1]      26156: config: Domain/Internal/PreEmptiveAckDelay/#text: 10 ms {}
1736482992.595924 [1]      26156: config: Domain/Internal/SquashParticipants/#text: false {}
1736482992.595932 [1]      26156: config: Domain/Internal/SPDPResponseMaxDelay/#text: 0 s {}
1736482992.595940 [1]      26156: config: Domain/Internal/LateAckMode/#text: false {}
1736482992.595948 [1]      26156: config: Domain/Internal/RetryOnRejectBestEffort/#text: false {}
1736482992.595957 [1]      26156: config: Domain/Internal/GenerateKeyhash/#text: false {}
1736482992.595966 [1]      26156: config: Domain/Internal/MaxSampleSize/#text: 2147483647 B {}
1736482992.595994 [1]      26156: config: Domain/Internal/LivelinessMonitoring/#text: false {}
1736482992.596003 [1]      26156: config: Domain/Internal/LivelinessMonitoring[@StackTraces]: true {}
1736482992.596019 [1]      26156: config: Domain/Internal/LivelinessMonitoring[@Interval]: 1 s {}
1736482992.596039 [1]      26156: config: Domain/Internal/MonitorPort/#text: -1 {}
1736482992.596058 [1]      26156: config: Domain/Internal/PrioritizeRetransmit/#text: true {}
1736482992.596084 [1]      26156: config: Domain/Internal/UseMulticastIfMreqn/#text: 0 {}
1736482992.596093 [1]      26156: config: Domain/Internal/RediscoveryBlacklistDuration/#text: 0 s {}
1736482992.596102 [1]      26156: config: Domain/Internal/RediscoveryBlacklistDuration[@enforce]: false {}
1736482992.596111 [1]      26156: config: Domain/Internal/MultipleReceiveThreads/#text: default {}
1736482992.596119 [1]      26156: config: Domain/Internal/MultipleReceiveThreads[@maxretries]: 4294967295 {}
1736482992.596129 [1]      26156: config: Domain/Internal/Test/XmitLossiness/#text: 0 {}
1736482992.596138 [1]      26156: config: Domain/Internal/Watermarks/WhcLow/#text: 1 KiB {}
1736482992.596148 [1]      26156: config: Domain/Internal/Watermarks/WhcHigh/#text: 500 KiB {}
1736482992.596177 [1]      26156: config: Domain/Internal/Watermarks/WhcHighInit/#text: 30 KiB {}
1736482992.596186 [1]      26156: config: Domain/Internal/Watermarks/WhcAdaptive/#text: true {}
1736482992.596199 [1]      26156: config: Domain/Internal/BurstSize/MaxRexmit/#text: 1 MiB {}
1736482992.596225 [1]      26156: config: Domain/Internal/BurstSize/MaxInitTransmit/#text: 4294967295 {}
1736482992.596234 [1]      26156: config: Domain/Internal/BurstSize/MaxFragsRexmitSample/#text: 1 {}
1736482992.596242 [1]      26156: config: Domain/Internal/ExtendedPacketInfo/#text: true {}
1736482992.596251 [1]      26156: config: Domain/Internal/EnableExpensiveChecks/#text:  {}
1736482992.596260 [1]      26156: config: Domain/TCP/NoDelay/#text: true {}
1736482992.596269 [1]      26156: config: Domain/TCP/Port/#text: -1 {}
1736482992.596277 [1]      26156: config: Domain/TCP/ReadTimeout/#text: 2 s {}
1736482992.596286 [1]      26156: config: Domain/TCP/WriteTimeout/#text: 2 s {}
1736482992.596294 [1]      26156: config: Domain/TCP/AlwaysUsePeeraddrForUnicast/#text: false {}
1736482992.596302 [1]      26156: config: Domain[@Id]: 1 {1}
1736482992.596354 [1]      26156: started at 1736482992.06596344 -- 2025-01-10 12:23:12+08:00
1736482992.596361 [1]      26156: Version: CycloneDDS 0.11.0 25bf38ab 
1736482992.596368 [1]      26156: udp initialized
1736482992.608071 [1]      26156: interfaces: Ethernet (interface down) Local Area Connection* 1 (interface down) Local Area Connection* 10 (interface down) Wi-Fi wireless udp/192.168.0.167(q9) Bluetooth Network Connection (interface down) Loopback Pseudo-Interface 1 udp/127.0.0.1(q1)
1736482992.608113 [1]      26156: Wi-Fi: presumed flaky multicast, use for SPDP only
1736482992.608132 [1]      26156: selected interfaces: Wi-Fi (index 9 priority 0 mc {spdp})
1736482992.608161 [1]      26156: ownip: udp/192.168.0.167
1736482992.608175 [1]      26156: extmask: invalid/0 (not applicable)
1736482992.608185 [1]      26156: SPDP MC: udp/239.255.0.1
1736482992.608195 [1]      26156: default MC: udp/239.255.0.1
1736482992.608206 [1]      26156: SSM support included
1736482992.608593 [1]      26156: rtps_init: trying to find a free participant index
1736482992.608660 [1]      26156: socket receive buffer size set to 1048576 bytes
1736482992.608755 [1]      26156: socket receive buffer size set to 1048576 bytes
1736482992.608802 [1]      26156: rtps_init: uc ports: disc 7660 data 7661
1736482992.608816 [1]      26156: rtps_init: domainid 1 participantid 1
1736482992.608831 [1]      26156: Unicast Ports: discovery 7660 data 7661
1736482992.608868 [1]      26156: socket receive buffer size set to 1048576 bytes
1736482992.608946 [1]      26156: socket receive buffer size set to 1048576 bytes
1736482992.608999 [1]      26156: Multicast Ports: discovery 7650 data 7651 
1736482992.609040 [1]      26156: socket receive buffer size set to 1048576 bytes
1736482992.609112 [1]      26156: interface Wi-Fi: transmit port 63389
1736482992.609333 [1]      26156: add_peer_address: add udp/192.168.0.167:7660 ... :7858 (prune delay 30000000000)
1736482992.609510 [1]      26156: add_peer_address: add udp/10.8.0.6:7660 ... :7858 (prune delay 30000000000)
1736482992.609732 [1]      26156: add_peer_address: add udp/192.168.0.150:7660 ... :7858 (prune delay 30000000000)
1736482992.609782 [1]      26156: interface Wi-Fi has spdp multicast enabled, adding udp/239.255.0.1:7650@9 (never expiring)
