1736751186.043101 [1]      24672: config: Domain/General/MulticastRecvNetworkInterfaceAddresses/#text: preferred {}
1736751186.043184 [1]      24672: config: Domain/General/ExternalNetworkAddress/#text: auto {}
1736751186.043233 [1]      24672: config: Domain/General/ExternalNetworkMask/#text: 0.0.0.0 {}
1736751186.043261 [1]      24672: config: Domain/General/AllowMulticast/#text: default {}
1736751186.043285 [1]      24672: config: Domain/General/MulticastTimeToLive/#text: 32 {}
1736751186.043307 [1]      24672: config: Domain/General/DontRoute/#text: false {}
1736751186.043329 [1]      24672: config: Domain/General/Transport/#text: udp {}
1736751186.043352 [1]      24672: config: Domain/General/EnableMulticastLoopback/#text: true {}
1736751186.043762 [1]      24672: config: Domain/General/MaxMessageSize/#text: 14720 B {}
1736751186.043785 [1]      24672: config: Domain/General/MaxRexmitMessageSize/#text: 1456 B {}
1736751186.043805 [1]      24672: config: Domain/General/FragmentSize/#text: 1344 B {}
1736751186.043823 [1]      24672: config: Domain/General/RedundantNetworking/#text: false {}
1736751186.043840 [1]      24672: config: Domain/General/EntityAutoNaming/#text: empty {}
1736751186.043860 [1]      24672: config: Domain/General/EntityAutoNaming[@seed]: 1052908450 1417972785 2066200093 3603740399 4028157680 735278307 2732292962 3248639019 {}
1736751186.043890 [1]      24672: config: Domain/Sizing/ReceiveBufferSize/#text: 1 MiB {}
1736751186.043936 [1]      24672: config: Domain/Sizing/ReceiveBufferChunkSize/#text: 128 KiB {}
1736751186.043974 [1]      24672: config: Domain/Compatibility/StandardsConformance/#text: lax {}
1736751186.044013 [1]      24672: config: Domain/Compatibility/ExplicitlyPublishQosSetToDefault/#text: false {}
1736751186.044049 [1]      24672: config: Domain/Compatibility/ManySocketsMode/#text: single {}
1736751186.044083 [1]      24672: config: Domain/Compatibility/AssumeRtiHasPmdEndpoints/#text: false {}
1736751186.044102 [1]      24672: config: Domain/Discovery/Tag/#text:  {}
1736751186.044120 [1]      24672: config: Domain/Discovery/ExternalDomainId/#text: 1 {}
1736751186.044136 [1]      24672: config: Domain/Discovery/DSGracePeriod/#text: 30 s {}
1736751186.044156 [1]      24672: config: Domain/Discovery/Peers/Peer[@Address]: 10.8.0.6 {1}
1736751186.044179 [1]      24672: config: Domain/Discovery/Peers/Peer[@PruneDelay]: default {}
1736751186.044199 [1]      24672: config: Domain/Discovery/Peers/Peer[@Address]: 192.168.0.167 {1}
1736751186.044217 [1]      24672: config: Domain/Discovery/Peers/Peer[@PruneDelay]: default {}
1736751186.044234 [1]      24672: config: Domain/Discovery/Peers[@AddLocalhost]: default {}
1736751186.044251 [1]      24672: config: Domain/Discovery/ParticipantIndex/#text: -3 {}
1736751186.044269 [1]      24672: config: Domain/Discovery/MaxAutoParticipantIndex/#text: 99 {}
1736751186.044286 [1]      24672: config: Domain/Discovery/SPDPMulticastAddress/#text: 239.255.0.1 {}
1736751186.044304 [1]      24672: config: Domain/Discovery/SPDPInterval/#text: default {}
1736751186.044320 [1]      24672: config: Domain/Discovery/DefaultMulticastAddress/#text: auto {}
1736751186.044337 [1]      24672: config: Domain/Discovery/InitialLocatorPruneDelay/#text: 30 s {}
1736751186.044354 [1]      24672: config: Domain/Discovery/DiscoveredLocatorPruneDelay/#text: 1 min {}
1736751186.044372 [1]      24672: config: Domain/Discovery/Ports/Base/#text: 7400 {}
1736751186.044390 [1]      24672: config: Domain/Discovery/Ports/DomainGain/#text: 250 {}
1736751186.044408 [1]      24672: config: Domain/Discovery/Ports/ParticipantGain/#text: 2 {}
1736751186.044426 [1]      24672: config: Domain/Discovery/Ports/MulticastMetaOffset/#text: 0 {}
1736751186.044443 [1]      24672: config: Domain/Discovery/Ports/UnicastMetaOffset/#text: 10 {}
1736751186.044462 [1]      24672: config: Domain/Discovery/Ports/MulticastDataOffset/#text: 1 {}
1736751186.044484 [1]      24672: config: Domain/Discovery/Ports/UnicastDataOffset/#text: 11 {}
1736751186.044504 [1]      24672: config: Domain/Discovery/EnableTopicDiscoveryEndpoints/#text: false {}
1736751186.044602 [1]      24672: config: Domain/Discovery/LeaseDuration/#text: 10 s {}
1736751186.044635 [1]      24672: config: Domain/Tracing/Category/#text: fatal,error,warning,info,config {1}
1736751186.044666 [1]      24672: config: Domain/Tracing/OutputFile/#text: cyclonedds_1.log {1}
1736751186.044702 [1]      24672: config: Domain/Tracing/AppendToFile/#text: false {1}
1736751186.044736 [1]      24672: config: Domain/Tracing/PacketCaptureFile/#text:  {}
1736751186.044770 [1]      24672: config: Domain/Internal/DeliveryQueueMaxSamples/#text: 256 {}
1736751186.044789 [1]      24672: config: Domain/Internal/PrimaryReorderMaxSamples/#text: 128 {}
1736751186.044805 [1]      24672: config: Domain/Internal/SecondaryReorderMaxSamples/#text: 128 {}
1736751186.044841 [1]      24672: config: Domain/Internal/DefragUnreliableMaxSamples/#text: 4 {}
1736751186.044858 [1]      24672: config: Domain/Internal/DefragReliableMaxSamples/#text: 16 {}
1736751186.044873 [1]      24672: config: Domain/Internal/BuiltinEndpointSet/#text: writers {}
1736751186.044905 [1]      24672: config: Domain/Internal/MeasureHbToAckLatency/#text: false {}
1736751186.044935 [1]      24672: config: Domain/Internal/SynchronousDeliveryPriorityThreshold/#text: 0 {}
1736751186.044950 [1]      24672: config: Domain/Internal/SynchronousDeliveryLatencyBound/#text: inf {}
1736751186.044964 [1]      24672: config: Domain/Internal/MaxParticipants/#text: 0 {}
1736751186.044979 [1]      24672: config: Domain/Internal/AccelerateRexmitBlockSize/#text: 0 {}
1736751186.044994 [1]      24672: config: Domain/Internal/RetransmitMerging/#text: never {}
1736751186.045029 [1]      24672: config: Domain/Internal/RetransmitMergingPeriod/#text: 5 ms {}
1736751186.045045 [1]      24672: config: Domain/Internal/HeartbeatInterval/#text: 100 ms {}
1736751186.045061 [1]      24672: config: Domain/Internal/HeartbeatInterval[@min]: 5 ms {}
1736751186.045110 [1]      24672: config: Domain/Internal/HeartbeatInterval[@minsched]: 20 ms {}
1736751186.045129 [1]      24672: config: Domain/Internal/HeartbeatInterval[@max]: 8 s {}
1736751186.045142 [1]      24672: config: Domain/Internal/MaxQueuedRexmitBytes/#text: 512 KiB {}
1736751186.045151 [1]      24672: config: Domain/Internal/MaxQueuedRexmitMessages/#text: 200 {}
1736751186.045159 [1]      24672: config: Domain/Internal/WriterLingerDuration/#text: 1 s {}
1736751186.045188 [1]      24672: config: Domain/Internal/SocketReceiveBufferSize[@min]: default {}
1736751186.045197 [1]      24672: config: Domain/Internal/SocketReceiveBufferSize[@max]: default {}
1736751186.045209 [1]      24672: config: Domain/Internal/SocketSendBufferSize[@min]: 64 KiB {}
1736751186.045234 [1]      24672: config: Domain/Internal/SocketSendBufferSize[@max]: default {}
1736751186.045243 [1]      24672: config: Domain/Internal/NackDelay/#text: 100 ms {}
1736751186.045252 [1]      24672: config: Domain/Internal/AckDelay/#text: 10 ms {}
1736751186.045260 [1]      24672: config: Domain/Internal/AutoReschedNackDelay/#text: 3 s {}
1736751186.045269 [1]      24672: config: Domain/Internal/PreEmptiveAckDelay/#text: 10 ms {}
1736751186.045277 [1]      24672: config: Domain/Internal/SquashParticipants/#text: false {}
1736751186.045285 [1]      24672: config: Domain/Internal/SPDPResponseMaxDelay/#text: 0 s {}
1736751186.045294 [1]      24672: config: Domain/Internal/LateAckMode/#text: false {}
1736751186.045302 [1]      24672: config: Domain/Internal/RetryOnRejectBestEffort/#text: false {}
1736751186.045310 [1]      24672: config: Domain/Internal/GenerateKeyhash/#text: false {}
1736751186.045319 [1]      24672: config: Domain/Internal/MaxSampleSize/#text: 2147483647 B {}
1736751186.045327 [1]      24672: config: Domain/Internal/LivelinessMonitoring/#text: false {}
1736751186.045336 [1]      24672: config: Domain/Internal/LivelinessMonitoring[@StackTraces]: true {}
1736751186.045345 [1]      24672: config: Domain/Internal/LivelinessMonitoring[@Interval]: 1 s {}
1736751186.045377 [1]      24672: config: Domain/Internal/MonitorPort/#text: -1 {}
1736751186.045387 [1]      24672: config: Domain/Internal/PrioritizeRetransmit/#text: true {}
1736751186.045416 [1]      24672: config: Domain/Internal/UseMulticastIfMreqn/#text: 0 {}
1736751186.045424 [1]      24672: config: Domain/Internal/RediscoveryBlacklistDuration/#text: 0 s {}
1736751186.045433 [1]      24672: config: Domain/Internal/RediscoveryBlacklistDuration[@enforce]: false {}
1736751186.045442 [1]      24672: config: Domain/Internal/MultipleReceiveThreads/#text: default {}
1736751186.045450 [1]      24672: config: Domain/Internal/MultipleReceiveThreads[@maxretries]: 4294967295 {}
1736751186.045460 [1]      24672: config: Domain/Internal/Test/XmitLossiness/#text: 0 {}
1736751186.045470 [1]      24672: config: Domain/Internal/Watermarks/WhcLow/#text: 1 KiB {}
1736751186.045479 [1]      24672: config: Domain/Internal/Watermarks/WhcHigh/#text: 500 KiB {}
1736751186.045504 [1]      24672: config: Domain/Internal/Watermarks/WhcHighInit/#text: 30 KiB {}
1736751186.045533 [1]      24672: config: Domain/Internal/Watermarks/WhcAdaptive/#text: true {}
1736751186.045542 [1]      24672: config: Domain/Internal/BurstSize/MaxRexmit/#text: 1 MiB {}
1736751186.045552 [1]      24672: config: Domain/Internal/BurstSize/MaxInitTransmit/#text: 4294967295 {}
1736751186.045560 [1]      24672: config: Domain/Internal/BurstSize/MaxFragsRexmitSample/#text: 1 {}
1736751186.045569 [1]      24672: config: Domain/Internal/ExtendedPacketInfo/#text: true {}
1736751186.045578 [1]      24672: config: Domain/Internal/EnableExpensiveChecks/#text:  {}
1736751186.045588 [1]      24672: config: Domain/TCP/NoDelay/#text: true {}
1736751186.045596 [1]      24672: config: Domain/TCP/Port/#text: -1 {}
1736751186.045605 [1]      24672: config: Domain/TCP/ReadTimeout/#text: 2 s {}
1736751186.045616 [1]      24672: config: Domain/TCP/WriteTimeout/#text: 2 s {}
1736751186.045625 [1]      24672: config: Domain/TCP/AlwaysUsePeeraddrForUnicast/#text: false {}
1736751186.045634 [1]      24672: config: Domain[@Id]: 1 {1}
1736751186.045683 [1]      24672: started at 1736751186.0645657 -- 2025-01-13 14:53:06+08:00
1736751186.045689 [1]      24672: Version: CycloneDDS 0.11.0 25bf38ab 
1736751186.045699 [1]      24672: udp initialized
1736751186.057301 [1]      24672: interfaces: Ethernet (interface down) Local Area Connection* 1 (interface down) Local Area Connection* 10 (interface down) Wi-Fi wireless udp/192.168.0.167(q9) Bluetooth Network Connection (interface down) Loopback Pseudo-Interface 1 udp/127.0.0.1(q1)
1736751186.057342 [1]      24672: Wi-Fi: presumed flaky multicast, use for SPDP only
1736751186.057362 [1]      24672: selected interfaces: Wi-Fi (index 9 priority 0 mc {spdp})
1736751186.057397 [1]      24672: ownip: udp/192.168.0.167
1736751186.057410 [1]      24672: extmask: invalid/0 (not applicable)
1736751186.057422 [1]      24672: SPDP MC: udp/239.255.0.1
1736751186.057433 [1]      24672: default MC: udp/239.255.0.1
1736751186.057443 [1]      24672: SSM support included
1736751186.057952 [1]      24672: rtps_init: trying to find a free participant index
1736751186.058086 [1]      24672: socket receive buffer size set to 1048576 bytes
1736751186.058148 [1]      24672: socket receive buffer size set to 1048576 bytes
1736751186.058177 [1]      24672: rtps_init: uc ports: disc 7660 data 7661
1736751186.058186 [1]      24672: rtps_init: domainid 1 participantid 1
1736751186.058193 [1]      24672: Unicast Ports: discovery 7660 data 7661
1736751186.058229 [1]      24672: socket receive buffer size set to 1048576 bytes
1736751186.058280 [1]      24672: socket receive buffer size set to 1048576 bytes
1736751186.058326 [1]      24672: Multicast Ports: discovery 7650 data 7651 
1736751186.058352 [1]      24672: socket receive buffer size set to 1048576 bytes
1736751186.058424 [1]      24672: interface Wi-Fi: transmit port 52210
1736751186.058657 [1]      24672: add_peer_address: add udp/10.8.0.6:7660 ... :7858 (prune delay 30000000000)
1736751186.058776 [1]      24672: add_peer_address: add udp/192.168.0.167:7660 ... :7858 (prune delay 30000000000)
1736751186.058795 [1]      24672: interface Wi-Fi has spdp multicast enabled, adding udp/239.255.0.1:7650@9 (never expiring)
