1737600147.475997 [1]        776: config: Domain/General/MulticastRecvNetworkInterfaceAddresses/#text: preferred {}
1737600147.476076 [1]        776: config: Domain/General/ExternalNetworkAddress/#text: auto {}
1737600147.476138 [1]        776: config: Domain/General/ExternalNetworkMask/#text: 0.0.0.0 {}
1737600147.476163 [1]        776: config: Domain/General/AllowMulticast/#text: default {}
1737600147.476185 [1]        776: config: Domain/General/MulticastTimeToLive/#text: 32 {}
1737600147.476205 [1]        776: config: Domain/General/DontRoute/#text: false {}
1737600147.476238 [1]        776: config: Domain/General/Transport/#text: udp {}
1737600147.476272 [1]        776: config: Domain/General/EnableMulticastLoopback/#text: true {}
1737600147.476653 [1]        776: config: Domain/General/MaxMessageSize/#text: 14720 B {}
1737600147.476670 [1]        776: config: Domain/General/MaxRexmitMessageSize/#text: 1456 B {}
1737600147.476680 [1]        776: config: Domain/General/FragmentSize/#text: 1344 B {}
1737600147.476690 [1]        776: config: Domain/General/RedundantNetworking/#text: false {}
1737600147.476699 [1]        776: config: Domain/General/EntityAutoNaming/#text: empty {}
1737600147.476710 [1]        776: config: Domain/General/EntityAutoNaming[@seed]: 3994585922 831570569 3780019738 3127727104 695713350 2438696680 2471119622 4098887974 {}
1737600147.476722 [1]        776: config: Domain/Sizing/ReceiveBufferSize/#text: 1 MiB {}
1737600147.476731 [1]        776: config: Domain/Sizing/ReceiveBufferChunkSize/#text: 128 KiB {}
1737600147.476741 [1]        776: config: Domain/Compatibility/StandardsConformance/#text: lax {}
1737600147.476749 [1]        776: config: Domain/Compatibility/ExplicitlyPublishQosSetToDefault/#text: false {}
1737600147.476759 [1]        776: config: Domain/Compatibility/ManySocketsMode/#text: single {}
1737600147.476768 [1]        776: config: Domain/Compatibility/AssumeRtiHasPmdEndpoints/#text: false {}
1737600147.476777 [1]        776: config: Domain/Discovery/Tag/#text:  {}
1737600147.476786 [1]        776: config: Domain/Discovery/ExternalDomainId/#text: 1 {}
1737600147.476799 [1]        776: config: Domain/Discovery/DSGracePeriod/#text: 30 s {}
1737600147.476810 [1]        776: config: Domain/Discovery/Peers/Peer[@Address]: 192.168.0.167 {1}
1737600147.476832 [1]        776: config: Domain/Discovery/Peers/Peer[@PruneDelay]: default {}
1737600147.476843 [1]        776: config: Domain/Discovery/Peers/Peer[@Address]: 10.8.0.6 {1}
1737600147.476852 [1]        776: config: Domain/Discovery/Peers/Peer[@PruneDelay]: default {}
1737600147.476861 [1]        776: config: Domain/Discovery/Peers[@AddLocalhost]: default {}
1737600147.476870 [1]        776: config: Domain/Discovery/ParticipantIndex/#text: -3 {}
1737600147.476879 [1]        776: config: Domain/Discovery/MaxAutoParticipantIndex/#text: 99 {}
1737600147.476887 [1]        776: config: Domain/Discovery/SPDPMulticastAddress/#text: 239.255.0.1 {}
1737600147.476896 [1]        776: config: Domain/Discovery/SPDPInterval/#text: default {}
1737600147.476905 [1]        776: config: Domain/Discovery/DefaultMulticastAddress/#text: auto {}
1737600147.476914 [1]        776: config: Domain/Discovery/InitialLocatorPruneDelay/#text: 30 s {}
1737600147.476923 [1]        776: config: Domain/Discovery/DiscoveredLocatorPruneDelay/#text: 1 min {}
1737600147.476933 [1]        776: config: Domain/Discovery/Ports/Base/#text: 7400 {}
1737600147.476942 [1]        776: config: Domain/Discovery/Ports/DomainGain/#text: 250 {}
1737600147.476951 [1]        776: config: Domain/Discovery/Ports/ParticipantGain/#text: 2 {}
1737600147.476973 [1]        776: config: Domain/Discovery/Ports/MulticastMetaOffset/#text: 0 {}
1737600147.476982 [1]        776: config: Domain/Discovery/Ports/UnicastMetaOffset/#text: 10 {}
1737600147.476991 [1]        776: config: Domain/Discovery/Ports/MulticastDataOffset/#text: 1 {}
1737600147.476999 [1]        776: config: Domain/Discovery/Ports/UnicastDataOffset/#text: 11 {}
1737600147.477008 [1]        776: config: Domain/Discovery/EnableTopicDiscoveryEndpoints/#text: false {}
1737600147.477043 [1]        776: config: Domain/Discovery/LeaseDuration/#text: 10 s {}
1737600147.477086 [1]        776: config: Domain/Tracing/Category/#text: fatal,error,warning,info,config {1}
1737600147.477097 [1]        776: config: Domain/Tracing/OutputFile/#text: cyclonedds_1.log {1}
1737600147.477106 [1]        776: config: Domain/Tracing/AppendToFile/#text: false {1}
1737600147.477115 [1]        776: config: Domain/Tracing/PacketCaptureFile/#text:  {}
1737600147.477137 [1]        776: config: Domain/Internal/DeliveryQueueMaxSamples/#text: 256 {}
1737600147.477164 [1]        776: config: Domain/Internal/PrimaryReorderMaxSamples/#text: 128 {}
1737600147.477173 [1]        776: config: Domain/Internal/SecondaryReorderMaxSamples/#text: 128 {}
1737600147.477192 [1]        776: config: Domain/Internal/DefragUnreliableMaxSamples/#text: 4 {}
1737600147.477203 [1]        776: config: Domain/Internal/DefragReliableMaxSamples/#text: 16 {}
1737600147.477212 [1]        776: config: Domain/Internal/BuiltinEndpointSet/#text: writers {}
1737600147.477220 [1]        776: config: Domain/Internal/MeasureHbToAckLatency/#text: false {}
1737600147.477229 [1]        776: config: Domain/Internal/SynchronousDeliveryPriorityThreshold/#text: 0 {}
1737600147.477238 [1]        776: config: Domain/Internal/SynchronousDeliveryLatencyBound/#text: inf {}
1737600147.477247 [1]        776: config: Domain/Internal/MaxParticipants/#text: 0 {}
1737600147.477255 [1]        776: config: Domain/Internal/AccelerateRexmitBlockSize/#text: 0 {}
1737600147.477264 [1]        776: config: Domain/Internal/RetransmitMerging/#text: never {}
1737600147.477273 [1]        776: config: Domain/Internal/RetransmitMergingPeriod/#text: 5 ms {}
1737600147.477295 [1]        776: config: Domain/Internal/HeartbeatInterval/#text: 100 ms {}
1737600147.477304 [1]        776: config: Domain/Internal/HeartbeatInterval[@min]: 5 ms {}
1737600147.477317 [1]        776: config: Domain/Internal/HeartbeatInterval[@minsched]: 20 ms {}
1737600147.477326 [1]        776: config: Domain/Internal/HeartbeatInterval[@max]: 8 s {}
1737600147.477335 [1]        776: config: Domain/Internal/MaxQueuedRexmitBytes/#text: 512 KiB {}
1737600147.477343 [1]        776: config: Domain/Internal/MaxQueuedRexmitMessages/#text: 200 {}
1737600147.477352 [1]        776: config: Domain/Internal/WriterLingerDuration/#text: 1 s {}
1737600147.477361 [1]        776: config: Domain/Internal/SocketReceiveBufferSize[@min]: default {}
1737600147.477369 [1]        776: config: Domain/Internal/SocketReceiveBufferSize[@max]: default {}
1737600147.477379 [1]        776: config: Domain/Internal/SocketSendBufferSize[@min]: 64 KiB {}
1737600147.477387 [1]        776: config: Domain/Internal/SocketSendBufferSize[@max]: default {}
1737600147.477396 [1]        776: config: Domain/Internal/NackDelay/#text: 100 ms {}
1737600147.477405 [1]        776: config: Domain/Internal/AckDelay/#text: 10 ms {}
1737600147.477414 [1]        776: config: Domain/Internal/AutoReschedNackDelay/#text: 3 s {}
1737600147.477422 [1]        776: config: Domain/Internal/PreEmptiveAckDelay/#text: 10 ms {}
1737600147.477431 [1]        776: config: Domain/Internal/SquashParticipants/#text: false {}
1737600147.477458 [1]        776: config: Domain/Internal/SPDPResponseMaxDelay/#text: 0 s {}
1737600147.477467 [1]        776: config: Domain/Internal/LateAckMode/#text: false {}
1737600147.477475 [1]        776: config: Domain/Internal/RetryOnRejectBestEffort/#text: false {}
1737600147.477484 [1]        776: config: Domain/Internal/GenerateKeyhash/#text: false {}
1737600147.477535 [1]        776: config: Domain/Internal/MaxSampleSize/#text: 2147483647 B {}
1737600147.477546 [1]        776: config: Domain/Internal/LivelinessMonitoring/#text: false {}
1737600147.477555 [1]        776: config: Domain/Internal/LivelinessMonitoring[@StackTraces]: true {}
1737600147.477565 [1]        776: config: Domain/Internal/LivelinessMonitoring[@Interval]: 1 s {}
1737600147.477592 [1]        776: config: Domain/Internal/MonitorPort/#text: -1 {}
1737600147.477603 [1]        776: config: Domain/Internal/PrioritizeRetransmit/#text: true {}
1737600147.477612 [1]        776: config: Domain/Internal/UseMulticastIfMreqn/#text: 0 {}
1737600147.477621 [1]        776: config: Domain/Internal/RediscoveryBlacklistDuration/#text: 0 s {}
1737600147.477630 [1]        776: config: Domain/Internal/RediscoveryBlacklistDuration[@enforce]: false {}
1737600147.477639 [1]        776: config: Domain/Internal/MultipleReceiveThreads/#text: default {}
1737600147.477648 [1]        776: config: Domain/Internal/MultipleReceiveThreads[@maxretries]: 4294967295 {}
1737600147.477658 [1]        776: config: Domain/Internal/Test/XmitLossiness/#text: 0 {}
1737600147.477668 [1]        776: config: Domain/Internal/Watermarks/WhcLow/#text: 1 KiB {}
1737600147.477677 [1]        776: config: Domain/Internal/Watermarks/WhcHigh/#text: 500 KiB {}
1737600147.477687 [1]        776: config: Domain/Internal/Watermarks/WhcHighInit/#text: 30 KiB {}
1737600147.477696 [1]        776: config: Domain/Internal/Watermarks/WhcAdaptive/#text: true {}
1737600147.477705 [1]        776: config: Domain/Internal/BurstSize/MaxRexmit/#text: 1 MiB {}
1737600147.477715 [1]        776: config: Domain/Internal/BurstSize/MaxInitTransmit/#text: 4294967295 {}
1737600147.477737 [1]        776: config: Domain/Internal/BurstSize/MaxFragsRexmitSample/#text: 1 {}
1737600147.477745 [1]        776: config: Domain/Internal/ExtendedPacketInfo/#text: true {}
1737600147.477773 [1]        776: config: Domain/Internal/EnableExpensiveChecks/#text:  {}
1737600147.477782 [1]        776: config: Domain/TCP/NoDelay/#text: true {}
1737600147.477791 [1]        776: config: Domain/TCP/Port/#text: -1 {}
1737600147.477800 [1]        776: config: Domain/TCP/ReadTimeout/#text: 2 s {}
1737600147.477843 [1]        776: config: Domain/TCP/WriteTimeout/#text: 2 s {}
1737600147.477852 [1]        776: config: Domain/TCP/AlwaysUsePeeraddrForUnicast/#text: false {}
1737600147.477861 [1]        776: config: Domain[@Id]: 1 {1}
1737600147.478048 [1]        776: started at 1737600147.06477920 -- 2025-01-23 10:42:27+08:00
1737600147.478071 [1]        776: Version: CycloneDDS 0.11.0 25bf38ab 
1737600147.478081 [1]        776: udp initialized
1737600147.487273 [1]        776: interfaces: Ethernet (interface down) Local Area Connection* 1 (interface down) Local Area Connection* 10 (interface down) Wi-Fi wireless udp/192.168.0.167(q9) Bluetooth Network Connection (interface down) Loopback Pseudo-Interface 1 udp/127.0.0.1(q1)
1737600147.487301 [1]        776: Wi-Fi: presumed flaky multicast, use for SPDP only
1737600147.487310 [1]        776: selected interfaces: Wi-Fi (index 9 priority 0 mc {spdp})
1737600147.487354 [1]        776: ownip: udp/192.168.0.167
1737600147.487362 [1]        776: extmask: invalid/0 (not applicable)
1737600147.487368 [1]        776: SPDP MC: udp/239.255.0.1
1737600147.487374 [1]        776: default MC: udp/239.255.0.1
1737600147.487379 [1]        776: SSM support included
1737600147.489865 [1]        776: rtps_init: trying to find a free participant index
1737600147.489927 [1]        776: socket receive buffer size set to 1048576 bytes
1737600147.489985 [1]        776: socket receive buffer size set to 1048576 bytes
1737600147.490013 [1]        776: rtps_init: uc ports: disc 7660 data 7661
1737600147.490023 [1]        776: rtps_init: domainid 1 participantid 1
1737600147.490030 [1]        776: Unicast Ports: discovery 7660 data 7661
1737600147.490050 [1]        776: socket receive buffer size set to 1048576 bytes
1737600147.490091 [1]        776: socket receive buffer size set to 1048576 bytes
1737600147.490117 [1]        776: Multicast Ports: discovery 7650 data 7651 
1737600147.490140 [1]        776: socket receive buffer size set to 1048576 bytes
1737600147.490177 [1]        776: interface Wi-Fi: transmit port 64852
1737600147.490307 [1]        776: add_peer_address: add udp/192.168.0.167:7660 ... :7858 (prune delay 30000000000)
1737600147.490388 [1]        776: add_peer_address: add udp/10.8.0.6:7660 ... :7858 (prune delay 30000000000)
1737600147.490400 [1]        776: interface Wi-Fi has spdp multicast enabled, adding udp/239.255.0.1:7650@9 (never expiring)
