1736429135.078622 [0]      12484: config: Domain/General/MulticastRecvNetworkInterfaceAddresses/#text: preferred {}
1736429135.078706 [0]      12484: config: Domain/General/ExternalNetworkAddress/#text: auto {}
1736429135.078725 [0]      12484: config: Domain/General/ExternalNetworkMask/#text: 0.0.0.0 {}
1736429135.078739 [0]      12484: config: Domain/General/AllowMulticast/#text: default {}
1736429135.078788 [0]      12484: config: Domain/General/MulticastTimeToLive/#text: 32 {}
1736429135.078809 [0]      12484: config: Domain/General/DontRoute/#text: false {}
1736429135.078826 [0]      12484: config: Domain/General/Transport/#text: udp {}
1736429135.078843 [0]      12484: config: Domain/General/EnableMulticastLoopback/#text: true {}
1736429135.078867 [0]      12484: config: Domain/General/MaxMessageSize/#text: 14720 B {}
1736429135.078886 [0]      12484: config: Domain/General/MaxRexmitMessageSize/#text: 1456 B {}
1736429135.078904 [0]      12484: config: Domain/General/FragmentSize/#text: 1344 B {}
1736429135.078916 [0]      12484: config: Domain/General/RedundantNetworking/#text: false {}
1736429135.078930 [0]      12484: config: Domain/General/EntityAutoNaming/#text: empty {}
1736429135.078952 [0]      12484: config: Domain/General/EntityAutoNaming[@seed]: 99702794 1433465111 2879583784 3874036495 3070092567 2917338435 3159019319 3426790392 {}
1736429135.078985 [0]      12484: config: Domain/Sizing/ReceiveBufferSize/#text: 1 MiB {}
1736429135.079005 [0]      12484: config: Domain/Sizing/ReceiveBufferChunkSize/#text: 128 KiB {}
1736429135.079026 [0]      12484: config: Domain/Compatibility/StandardsConformance/#text: lax {}
1736429135.079046 [0]      12484: config: Domain/Compatibility/ExplicitlyPublishQosSetToDefault/#text: false {}
1736429135.079065 [0]      12484: config: Domain/Compatibility/ManySocketsMode/#text: single {}
1736429135.079084 [0]      12484: config: Domain/Compatibility/AssumeRtiHasPmdEndpoints/#text: false {}
1736429135.079104 [0]      12484: config: Domain/Discovery/Tag/#text:  {}
1736429135.079123 [0]      12484: config: Domain/Discovery/ExternalDomainId/#text: 0 {}
1736429135.079143 [0]      12484: config: Domain/Discovery/DSGracePeriod/#text: 30 s {}
1736429135.079165 [0]      12484: config: Domain/Discovery/Peers/Peer[@Address]: 192.168.0.167 {1}
1736429135.079186 [0]      12484: config: Domain/Discovery/Peers/Peer[@PruneDelay]: default {}
1736429135.079207 [0]      12484: config: Domain/Discovery/Peers/Peer[@Address]: 10.8.0.6 {1}
1736429135.079227 [0]      12484: config: Domain/Discovery/Peers/Peer[@PruneDelay]: default {}
1736429135.079248 [0]      12484: config: Domain/Discovery/Peers/Peer[@Address]: 192.168.0.150 {1}
1736429135.079266 [0]      12484: config: Domain/Discovery/Peers/Peer[@PruneDelay]: default {}
1736429135.079278 [0]      12484: config: Domain/Discovery/Peers[@AddLocalhost]: default {}
1736429135.079287 [0]      12484: config: Domain/Discovery/ParticipantIndex/#text: -3 {}
1736429135.079297 [0]      12484: config: Domain/Discovery/MaxAutoParticipantIndex/#text: 99 {}
1736429135.079309 [0]      12484: config: Domain/Discovery/SPDPMulticastAddress/#text: 239.255.0.1 {}
1736429135.079318 [0]      12484: config: Domain/Discovery/SPDPInterval/#text: default {}
1736429135.079327 [0]      12484: config: Domain/Discovery/DefaultMulticastAddress/#text: auto {}
1736429135.079336 [0]      12484: config: Domain/Discovery/InitialLocatorPruneDelay/#text: 30 s {}
1736429135.079345 [0]      12484: config: Domain/Discovery/DiscoveredLocatorPruneDelay/#text: 1 min {}
1736429135.079354 [0]      12484: config: Domain/Discovery/Ports/Base/#text: 7400 {}
1736429135.079372 [0]      12484: config: Domain/Discovery/Ports/DomainGain/#text: 250 {}
1736429135.079382 [0]      12484: config: Domain/Discovery/Ports/ParticipantGain/#text: 2 {}
1736429135.079391 [0]      12484: config: Domain/Discovery/Ports/MulticastMetaOffset/#text: 0 {}
1736429135.079400 [0]      12484: config: Domain/Discovery/Ports/UnicastMetaOffset/#text: 10 {}
1736429135.079409 [0]      12484: config: Domain/Discovery/Ports/MulticastDataOffset/#text: 1 {}
1736429135.079442 [0]      12484: config: Domain/Discovery/Ports/UnicastDataOffset/#text: 11 {}
1736429135.079454 [0]      12484: config: Domain/Discovery/EnableTopicDiscoveryEndpoints/#text: false {}
1736429135.079463 [0]      12484: config: Domain/Discovery/LeaseDuration/#text: 10 s {}
1736429135.079482 [0]      12484: config: Domain/Tracing/Category/#text: fatal,error,warning,info,config {1}
1736429135.079491 [0]      12484: config: Domain/Tracing/OutputFile/#text: cyclonedds.log {1}
1736429135.079500 [0]      12484: config: Domain/Tracing/AppendToFile/#text: false {1}
1736429135.079509 [0]      12484: config: Domain/Tracing/PacketCaptureFile/#text:  {}
1736429135.079518 [0]      12484: config: Domain/Internal/DeliveryQueueMaxSamples/#text: 256 {}
1736429135.079527 [0]      12484: config: Domain/Internal/PrimaryReorderMaxSamples/#text: 128 {}
1736429135.079535 [0]      12484: config: Domain/Internal/SecondaryReorderMaxSamples/#text: 128 {}
1736429135.079544 [0]      12484: config: Domain/Internal/DefragUnreliableMaxSamples/#text: 4 {}
1736429135.079552 [0]      12484: config: Domain/Internal/DefragReliableMaxSamples/#text: 16 {}
1736429135.079561 [0]      12484: config: Domain/Internal/BuiltinEndpointSet/#text: writers {}
1736429135.079570 [0]      12484: config: Domain/Internal/MeasureHbToAckLatency/#text: false {}
1736429135.079579 [0]      12484: config: Domain/Internal/SynchronousDeliveryPriorityThreshold/#text: 0 {}
1736429135.079587 [0]      12484: config: Domain/Internal/SynchronousDeliveryLatencyBound/#text: inf {}
1736429135.079596 [0]      12484: config: Domain/Internal/MaxParticipants/#text: 0 {}
1736429135.079605 [0]      12484: config: Domain/Internal/AccelerateRexmitBlockSize/#text: 0 {}
1736429135.079613 [0]      12484: config: Domain/Internal/RetransmitMerging/#text: never {}
1736429135.079622 [0]      12484: config: Domain/Internal/RetransmitMergingPeriod/#text: 5 ms {}
1736429135.079631 [0]      12484: config: Domain/Internal/HeartbeatInterval/#text: 100 ms {}
1736429135.079640 [0]      12484: config: Domain/Internal/HeartbeatInterval[@min]: 5 ms {}
1736429135.079649 [0]      12484: config: Domain/Internal/HeartbeatInterval[@minsched]: 20 ms {}
1736429135.079658 [0]      12484: config: Domain/Internal/HeartbeatInterval[@max]: 8 s {}
1736429135.079667 [0]      12484: config: Domain/Internal/MaxQueuedRexmitBytes/#text: 512 KiB {}
1736429135.079676 [0]      12484: config: Domain/Internal/MaxQueuedRexmitMessages/#text: 200 {}
1736429135.079684 [0]      12484: config: Domain/Internal/WriterLingerDuration/#text: 1 s {}
1736429135.079694 [0]      12484: config: Domain/Internal/SocketReceiveBufferSize[@min]: default {}
1736429135.079702 [0]      12484: config: Domain/Internal/SocketReceiveBufferSize[@max]: default {}
1736429135.079711 [0]      12484: config: Domain/Internal/SocketSendBufferSize[@min]: 64 KiB {}
1736429135.079720 [0]      12484: config: Domain/Internal/SocketSendBufferSize[@max]: default {}
1736429135.079729 [0]      12484: config: Domain/Internal/NackDelay/#text: 100 ms {}
1736429135.079738 [0]      12484: config: Domain/Internal/AckDelay/#text: 10 ms {}
1736429135.079747 [0]      12484: config: Domain/Internal/AutoReschedNackDelay/#text: 3 s {}
1736429135.079756 [0]      12484: config: Domain/Internal/PreEmptiveAckDelay/#text: 10 ms {}
1736429135.079764 [0]      12484: config: Domain/Internal/SquashParticipants/#text: false {}
1736429135.079773 [0]      12484: config: Domain/Internal/SPDPResponseMaxDelay/#text: 0 s {}
1736429135.079781 [0]      12484: config: Domain/Internal/LateAckMode/#text: false {}
1736429135.079794 [0]      12484: config: Domain/Internal/RetryOnRejectBestEffort/#text: false {}
1736429135.079802 [0]      12484: config: Domain/Internal/GenerateKeyhash/#text: false {}
1736429135.079811 [0]      12484: config: Domain/Internal/MaxSampleSize/#text: 2147483647 B {}
1736429135.079820 [0]      12484: config: Domain/Internal/LivelinessMonitoring/#text: false {}
1736429135.079829 [0]      12484: config: Domain/Internal/LivelinessMonitoring[@StackTraces]: true {}
1736429135.079839 [0]      12484: config: Domain/Internal/LivelinessMonitoring[@Interval]: 1 s {}
1736429135.079849 [0]      12484: config: Domain/Internal/MonitorPort/#text: -1 {}
1736429135.079858 [0]      12484: config: Domain/Internal/PrioritizeRetransmit/#text: true {}
1736429135.079867 [0]      12484: config: Domain/Internal/UseMulticastIfMreqn/#text: 0 {}
1736429135.079875 [0]      12484: config: Domain/Internal/RediscoveryBlacklistDuration/#text: 0 s {}
1736429135.079884 [0]      12484: config: Domain/Internal/RediscoveryBlacklistDuration[@enforce]: false {}
1736429135.079893 [0]      12484: config: Domain/Internal/MultipleReceiveThreads/#text: default {}
1736429135.079902 [0]      12484: config: Domain/Internal/MultipleReceiveThreads[@maxretries]: 4294967295 {}
1736429135.079911 [0]      12484: config: Domain/Internal/Test/XmitLossiness/#text: 0 {}
1736429135.079921 [0]      12484: config: Domain/Internal/Watermarks/WhcLow/#text: 1 KiB {}
1736429135.079930 [0]      12484: config: Domain/Internal/Watermarks/WhcHigh/#text: 500 KiB {}
1736429135.079940 [0]      12484: config: Domain/Internal/Watermarks/WhcHighInit/#text: 30 KiB {}
1736429135.079949 [0]      12484: config: Domain/Internal/Watermarks/WhcAdaptive/#text: true {}
1736429135.079958 [0]      12484: config: Domain/Internal/BurstSize/MaxRexmit/#text: 1 MiB {}
1736429135.079967 [0]      12484: config: Domain/Internal/BurstSize/MaxInitTransmit/#text: 4294967295 {}
1736429135.079976 [0]      12484: config: Domain/Internal/BurstSize/MaxFragsRexmitSample/#text: 1 {}
1736429135.079985 [0]      12484: config: Domain/Internal/ExtendedPacketInfo/#text: true {}
1736429135.079994 [0]      12484: config: Domain/Internal/EnableExpensiveChecks/#text:  {}
1736429135.080003 [0]      12484: config: Domain/TCP/NoDelay/#text: true {}
1736429135.080012 [0]      12484: config: Domain/TCP/Port/#text: -1 {}
1736429135.080020 [0]      12484: config: Domain/TCP/ReadTimeout/#text: 2 s {}
1736429135.080029 [0]      12484: config: Domain/TCP/WriteTimeout/#text: 2 s {}
1736429135.080038 [0]      12484: config: Domain/TCP/AlwaysUsePeeraddrForUnicast/#text: false {}
1736429135.080046 [0]      12484: config: Domain[@Id]: 0 {1}
1736429135.080479 [0]      12484: started at 1736429135.0680074 -- 2025-01-09 21:25:35+08:00
1736429135.080491 [0]      12484: Version: CycloneDDS 0.11.0 25bf38ab 
1736429135.080504 [0]      12484: udp initialized
1736429135.090144 [0]      12484: interfaces: Ethernet (interface down) Local Area Connection* 1 (interface down) Local Area Connection* 10 (interface down) Wi-Fi wireless udp/192.168.0.167(q9) Bluetooth Network Connection (interface down) Loopback Pseudo-Interface 1 udp/127.0.0.1(q1)
1736429135.090174 [0]      12484: Wi-Fi: presumed flaky multicast, use for SPDP only
1736429135.090184 [0]      12484: selected interfaces: Wi-Fi (index 9 priority 0 mc {spdp})
1736429135.090229 [0]      12484: ownip: udp/192.168.0.167
1736429135.090238 [0]      12484: extmask: invalid/0 (not applicable)
1736429135.090244 [0]      12484: SPDP MC: udp/239.255.0.1
1736429135.090250 [0]      12484: default MC: udp/239.255.0.1
1736429135.090255 [0]      12484: SSM support included
1736429135.093061 [0]      12484: rtps_init: trying to find a free participant index
1736429135.093225 [0]      12484: socket receive buffer size set to 1048576 bytes
1736429135.093284 [0]      12484: socket receive buffer size set to 1048576 bytes
1736429135.093311 [0]      12484: rtps_init: uc ports: disc 7410 data 7411
1736429135.093321 [0]      12484: rtps_init: domainid 0 participantid 1
1736429135.093327 [0]      12484: Unicast Ports: discovery 7410 data 7411
1736429135.093353 [0]      12484: socket receive buffer size set to 1048576 bytes
1736429135.093390 [0]      12484: socket receive buffer size set to 1048576 bytes
1736429135.093415 [0]      12484: Multicast Ports: discovery 7400 data 7401 
1736429135.093435 [0]      12484: socket receive buffer size set to 1048576 bytes
1736429135.093475 [0]      12484: interface Wi-Fi: transmit port 57368
1736429135.093619 [0]      12484: add_peer_address: add udp/192.168.0.167:7410 ... :7608 (prune delay 30000000000)
1736429135.093703 [0]      12484: add_peer_address: add udp/10.8.0.6:7410 ... :7608 (prune delay 30000000000)
1736429135.093788 [0]      12484: add_peer_address: add udp/192.168.0.150:7410 ... :7608 (prune delay 30000000000)
1736429135.093798 [0]      12484: interface Wi-Fi has spdp multicast enabled, adding udp/239.255.0.1:7400@9 (never expiring)
